[32m[Nest] 11980  - [39m02/07/2026, 9:23:54 p. m. [32m    LOG[39m [38;5;3m[NestFactory] [39m[32mStarting Nest application...[39m
[32m[Nest] 11980  - [39m02/07/2026, 9:23:54 p. m. [32m    LOG[39m [38;5;3m[InstanceLoader] [39m[32mPrismaModule dependencies initialized[39m[38;5;3m +91ms[39m
[32m[Nest] 11980  - [39m02/07/2026, 9:23:54 p. m. [32m    LOG[39m [38;5;3m[InstanceLoader] [39m[32mPassportModule dependencies initialized[39m[38;5;3m +3ms[39m
[32m[Nest] 11980  - [39m02/07/2026, 9:23:54 p. m. [32m    LOG[39m [38;5;3m[InstanceLoader] [39m[32mThrottlerModule dependencies initialized[39m[38;5;3m +33ms[39m
[32m[Nest] 11980  - [39m02/07/2026, 9:23:54 p. m. [32m    LOG[39m [38;5;3m[InstanceLoader] [39m[32mJwtModule dependencies initialized[39m[38;5;3m +1ms[39m
[32m[Nest] 11980  - [39m02/07/2026, 9:23:54 p. m. [32m    LOG[39m [38;5;3m[InstanceLoader] [39m[32mConfigHostModule dependencies initialized[39m[38;5;3m +3ms[39m
[32m[Nest] 11980  - [39m02/07/2026, 9:23:54 p. m. [32m    LOG[39m [38;5;3m[InstanceLoader] [39m[32mAppModule dependencies initialized[39m[38;5;3m +5ms[39m
[32m[Nest] 11980  - [39m02/07/2026, 9:23:54 p. m. [32m    LOG[39m [38;5;3m[InstanceLoader] [39m[32mConfigModule dependencies initialized[39m[38;5;3m +1ms[39m
[32m[Nest] 11980  - [39m02/07/2026, 9:23:54 p. m. [32m    LOG[39m [38;5;3m[InstanceLoader] [39m[32mCloudinaryModule dependencies initialized[39m[38;5;3m +5ms[39m
[32m[Nest] 11980  - [39m02/07/2026, 9:23:54 p. m. [32m    LOG[39m [38;5;3m[InstanceLoader] [39m[32mUsersModule dependencies initialized[39m[38;5;3m +2ms[39m
[32m[Nest] 11980  - [39m02/07/2026, 9:23:54 p. m. [32m    LOG[39m [38;5;3m[InstanceLoader] [39m[32mClientsModule dependencies initialized[39m[38;5;3m +1ms[39m
[32m[Nest] 11980  - [39m02/07/2026, 9:23:54 p. m. [32m    LOG[39m [38;5;3m[InstanceLoader] [39m[32mEquipmentModule dependencies initialized[39m[38;5;3m +1ms[39m
[32m[Nest] 11980  - [39m02/07/2026, 9:23:54 p. m. [32m    LOG[39m [38;5;3m[InstanceLoader] [39m[32mOrdersModule dependencies initialized[39m[38;5;3m +1ms[39m
[32m[Nest] 11980  - [39m02/07/2026, 9:23:54 p. m. [32m    LOG[39m [38;5;3m[InstanceLoader] [39m[32mDiagnosticsModule dependencies initialized[39m[38;5;3m +0ms[39m
[32m[Nest] 11980  - [39m02/07/2026, 9:23:54 p. m. [32m    LOG[39m [38;5;3m[InstanceLoader] [39m[32mPhotographsModule dependencies initialized[39m[38;5;3m +1ms[39m
[32m[Nest] 11980  - [39m02/07/2026, 9:23:54 p. m. [32m    LOG[39m [38;5;3m[InstanceLoader] [39m[32mSignaturesModule dependencies initialized[39m[38;5;3m +1ms[39m
[32m[Nest] 11980  - [39m02/07/2026, 9:23:54 p. m. [32m    LOG[39m [38;5;3m[InstanceLoader] [39m[32mPdfModule dependencies initialized[39m[38;5;3m +0ms[39m
[32m[Nest] 11980  - [39m02/07/2026, 9:23:54 p. m. [32m    LOG[39m [38;5;3m[InstanceLoader] [39m[32mEmailModule dependencies initialized[39m[38;5;3m +1ms[39m
[32m[Nest] 11980  - [39m02/07/2026, 9:23:54 p. m. [32m    LOG[39m [38;5;3m[InstanceLoader] [39m[32mInventoryModule dependencies initialized[39m[38;5;3m +1ms[39m
[32m[Nest] 11980  - [39m02/07/2026, 9:23:54 p. m. [32m    LOG[39m [38;5;3m[InstanceLoader] [39m[32mReportsModule dependencies initialized[39m[38;5;3m +1ms[39m
[32m[Nest] 11980  - [39m02/07/2026, 9:23:54 p. m. [32m    LOG[39m [38;5;3m[InstanceLoader] [39m[32mConfigModule dependencies initialized[39m[38;5;3m +0ms[39m
[32m[Nest] 11980  - [39m02/07/2026, 9:23:54 p. m. [32m    LOG[39m [38;5;3m[InstanceLoader] [39m[32mWhatsappModule dependencies initialized[39m[38;5;3m +1ms[39m
[32m[Nest] 11980  - [39m02/07/2026, 9:23:54 p. m. [32m    LOG[39m [38;5;3m[InstanceLoader] [39m[32mCatalogModule dependencies initialized[39m[38;5;3m +1ms[39m
[32m[Nest] 11980  - [39m02/07/2026, 9:23:54 p. m. [32m    LOG[39m [38;5;3m[InstanceLoader] [39m[32mUploadModule dependencies initialized[39m[38;5;3m +1ms[39m
[32m[Nest] 11980  - [39m02/07/2026, 9:23:54 p. m. [32m    LOG[39m [38;5;3m[InstanceLoader] [39m[32mQrModule dependencies initialized[39m[38;5;3m +1ms[39m
[32m[Nest] 11980  - [39m02/07/2026, 9:23:54 p. m. [32m    LOG[39m [38;5;3m[InstanceLoader] [39m[32mAuthModule dependencies initialized[39m[38;5;3m +1ms[39m
[32m[Nest] 11980  - [39m02/07/2026, 9:23:55 p. m. [32m    LOG[39m [38;5;3m[RoutesResolver] [39m[32mAuthController {/api/v1/auth}:[39m[38;5;3m +34ms[39m
[32m[Nest] 11980  - [39m02/07/2026, 9:23:55 p. m. [32m    LOG[39m [38;5;3m[RouterExplorer] [39m[32mMapped {/api/v1/auth/seed, POST} route[39m[38;5;3m +6ms[39m
[32m[Nest] 11980  - [39m02/07/2026, 9:23:55 p. m. [32m    LOG[39m [38;5;3m[RouterExplorer] [39m[32mMapped {/api/v1/auth/login, POST} route[39m[38;5;3m +2ms[39m
[32m[Nest] 11980  - [39m02/07/2026, 9:23:55 p. m. [32m    LOG[39m [38;5;3m[RouterExplorer] [39m[32mMapped {/api/v1/auth/refresh, POST} route[39m[38;5;3m +1ms[39m
[32m[Nest] 11980  - [39m02/07/2026, 9:23:55 p. m. [32m    LOG[39m [38;5;3m[RouterExplorer] [39m[32mMapped {/api/v1/auth/logout, POST} route[39m[38;5;3m +2ms[39m
[32m[Nest] 11980  - [39m02/07/2026, 9:23:55 p. m. [32m    LOG[39m [38;5;3m[RouterExplorer] [39m[32mMapped {/api/v1/auth/forgot-password, POST} route[39m[38;5;3m +1ms[39m
[32m[Nest] 11980  - [39m02/07/2026, 9:23:55 p. m. [32m    LOG[39m [38;5;3m[RoutesResolver] [39m[32mUsersController {/api/v1/users}:[39m[38;5;3m +1ms[39m
[32m[Nest] 11980  - [39m02/07/2026, 9:23:55 p. m. [32m    LOG[39m [38;5;3m[RouterExplorer] [39m[32mMapped {/api/v1/users, POST} route[39m[38;5;3m +1ms[39m
[32m[Nest] 11980  - [39m02/07/2026, 9:23:55 p. m. [32m    LOG[39m [38;5;3m[RouterExplorer] [39m[32mMapped {/api/v1/users, GET} route[39m[38;5;3m +2ms[39m
[32m[Nest] 11980  - [39m02/07/2026, 9:23:55 p. m. [32m    LOG[39m [38;5;3m[RouterExplorer] [39m[32mMapped {/api/v1/users/:id, GET} route[39m[38;5;3m +2ms[39m
[32m[Nest] 11980  - [39m02/07/2026, 9:23:55 p. m. [32m    LOG[39m [38;5;3m[RouterExplorer] [39m[32mMapped {/api/v1/users/:id, PATCH} route[39m[38;5;3m +1ms[39m
[32m[Nest] 11980  - [39m02/07/2026, 9:23:55 p. m. [32m    LOG[39m [38;5;3m[RouterExplorer] [39m[32mMapped {/api/v1/users/:id/deactivate, PATCH} route[39m[38;5;3m +2ms[39m
[32m[Nest] 11980  - [39m02/07/2026, 9:23:55 p. m. [32m    LOG[39m [38;5;3m[RoutesResolver] [39m[32mClientsController {/api/v1/clients}:[39m[38;5;3m +1ms[39m
[32m[Nest] 11980  - [39m02/07/2026, 9:23:55 p. m. [32m    LOG[39m [38;5;3m[RouterExplorer] [39m[32mMapped {/api/v1/clients, POST} route[39m[38;5;3m +1ms[39m
[32m[Nest] 11980  - [39m02/07/2026, 9:23:55 p. m. [32m    LOG[39m [38;5;3m[RouterExplorer] [39m[32mMapped {/api/v1/clients, GET} route[39m[38;5;3m +1ms[39m
[32m[Nest] 11980  - [39m02/07/2026, 9:23:55 p. m. [32m    LOG[39m [38;5;3m[RouterExplorer] [39m[32mMapped {/api/v1/clients/search, GET} route[39m[38;5;3m +1ms[39m
[32m[Nest] 11980  - [39m02/07/2026, 9:23:55 p. m. [32m    LOG[39m [38;5;3m[RouterExplorer] [39m[32mMapped {/api/v1/clients/:id, GET} route[39m[38;5;3m +1ms[39m
[32m[Nest] 11980  - [39m02/07/2026, 9:23:55 p. m. [32m    LOG[39m [38;5;3m[RouterExplorer] [39m[32mMapped {/api/v1/clients/:id/history, GET} route[39m[38;5;3m +1ms[39m
[32m[Nest] 11980  - [39m02/07/2026, 9:23:55 p. m. [32m    LOG[39m [38;5;3m[RouterExplorer] [39m[32mMapped {/api/v1/clients/:id, PATCH} route[39m[38;5;3m +2ms[39m
[32m[Nest] 11980  - [39m02/07/2026, 9:23:55 p. m. [32m    LOG[39m [38;5;3m[RouterExplorer] [39m[32mMapped {/api/v1/clients/:id/deactivate, PATCH} route[39m[38;5;3m +1ms[39m
[32m[Nest] 11980  - [39m02/07/2026, 9:23:55 p. m. [32m    LOG[39m [38;5;3m[RoutesResolver] [39m[32mEquipmentController {/api/v1/equipment}:[39m[38;5;3m +1ms[39m
[32m[Nest] 11980  - [39m02/07/2026, 9:23:55 p. m. [32m    LOG[39m [38;5;3m[RouterExplorer] [39m[32mMapped {/api/v1/equipment, POST} route[39m[38;5;3m +1ms[39m
[32m[Nest] 11980  - [39m02/07/2026, 9:23:55 p. m. [32m    LOG[39m [38;5;3m[RouterExplorer] [39m[32mMapped {/api/v1/equipment, GET} route[39m[38;5;3m +1ms[39m
[32m[Nest] 11980  - [39m02/07/2026, 9:23:55 p. m. [32m    LOG[39m [38;5;3m[RouterExplorer] [39m[32mMapped {/api/v1/equipment/search, GET} route[39m[38;5;3m +1ms[39m
[32m[Nest] 11980  - [39m02/07/2026, 9:23:55 p. m. [32m    LOG[39m [38;5;3m[RouterExplorer] [39m[32mMapped {/api/v1/equipment/:id, GET} route[39m[38;5;3m +1ms[39m
[32m[Nest] 11980  - [39m02/07/2026, 9:23:55 p. m. [32m    LOG[39m [38;5;3m[RouterExplorer] [39m[32mMapped {/api/v1/equipment/:id, PATCH} route[39m[38;5;3m +1ms[39m
[32m[Nest] 11980  - [39m02/07/2026, 9:23:55 p. m. [32m    LOG[39m [38;5;3m[RouterExplorer] [39m[32mMapped {/api/v1/equipment/:id/deactivate, PATCH} route[39m[38;5;3m +1ms[39m
[32m[Nest] 11980  - [39m02/07/2026, 9:23:55 p. m. [32m    LOG[39m [38;5;3m[RoutesResolver] [39m[32mOrdersController {/api/v1/orders}:[39m[38;5;3m +1ms[39m
[32m[Nest] 11980  - [39m02/07/2026, 9:23:55 p. m. [32m    LOG[39m [38;5;3m[RouterExplorer] [39m[32mMapped {/api/v1/orders/stats, GET} route[39m[38;5;3m +2ms[39m
[32m[Nest] 11980  - [39m02/07/2026, 9:23:55 p. m. [32m    LOG[39m [38;5;3m[RouterExplorer] [39m[32mMapped {/api/v1/orders, POST} route[39m[38;5;3m +0ms[39m
[32m[Nest] 11980  - [39m02/07/2026, 9:23:55 p. m. [32m    LOG[39m [38;5;3m[RouterExplorer] [39m[32mMapped {/api/v1/orders, GET} route[39m[38;5;3m +1ms[39m
[32m[Nest] 11980  - [39m02/07/2026, 9:23:55 p. m. [32m    LOG[39m [38;5;3m[RouterExplorer] [39m[32mMapped {/api/v1/orders/by-status/:status, GET} route[39m[38;5;3m +1ms[39m
[32m[Nest] 11980  - [39m02/07/2026, 9:23:55 p. m. [32m    LOG[39m [38;5;3m[RouterExplorer] [39m[32mMapped {/api/v1/orders/by-client/:clientId, GET} route[39m[38;5;3m +1ms[39m
[32m[Nest] 11980  - [39m02/07/2026, 9:23:55 p. m. [32m    LOG[39m [38;5;3m[RouterExplorer] [39m[32mMapped {/api/v1/orders/by-technician/:technicianId, GET} route[39m[38;5;3m +1ms[39m
[32m[Nest] 11980  - [39m02/07/2026, 9:23:55 p. m. [32m    LOG[39m [38;5;3m[RouterExplorer] [39m[32mMapped {/api/v1/orders/number/:orderNumber, GET} route[39m[38;5;3m +1ms[39m
[32m[Nest] 11980  - [39m02/07/2026, 9:23:55 p. m. [32m    LOG[39m [38;5;3m[RouterExplorer] [39m[32mMapped {/api/v1/orders/:id, GET} route[39m[38;5;3m +2ms[39m
[32m[Nest] 11980  - [39m02/07/2026, 9:23:55 p. m. [32m    LOG[39m [38;5;3m[RouterExplorer] [39m[32mMapped {/api/v1/orders/:id, PATCH} route[39m[38;5;3m +1ms[39m
[32m[Nest] 11980  - [39m02/07/2026, 9:23:55 p. m. [32m    LOG[39m [38;5;3m[RouterExplorer] [39m[32mMapped {/api/v1/orders/:id/status, PATCH} route[39m[38;5;3m +1ms[39m
[32m[Nest] 11980  - [39m02/07/2026, 9:23:55 p. m. [32m    LOG[39m [38;5;3m[RouterExplorer] [39m[32mMapped {/api/v1/orders/:id/assign, PATCH} route[39m[38;5;3m +1ms[39m
[32m[Nest] 11980  - [39m02/07/2026, 9:23:55 p. m. [32m    LOG[39m [38;5;3m[RouterExplorer] [39m[32mMapped {/api/v1/orders/:id/deactivate, PATCH} route[39m[38;5;3m +1ms[39m
[32m[Nest] 11980  - [39m02/07/2026, 9:23:55 p. m. [32m    LOG[39m [38;5;3m[RouterExplorer] [39m[32mMapped {/api/v1/orders/:id/repair-notes, POST} route[39m[38;5;3m +2ms[39m
[32m[Nest] 11980  - [39m02/07/2026, 9:23:55 p. m. [32m    LOG[39m [38;5;3m[RouterExplorer] [39m[32mMapped {/api/v1/orders/:id/repair-notes, GET} route[39m[38;5;3m +1ms[39m
[32m[Nest] 11980  - [39m02/07/2026, 9:23:55 p. m. [32m    LOG[39m [38;5;3m[RoutesResolver] [39m[32mDiagnosticsController {/api/v1/diagnostics}:[39m[38;5;3m +0ms[39m
[32m[Nest] 11980  - [39m02/07/2026, 9:23:55 p. m. [32m    LOG[39m [38;5;3m[RouterExplorer] [39m[32mMapped {/api/v1/diagnostics, POST} route[39m[38;5;3m +2ms[39m
[32m[Nest] 11980  - [39m02/07/2026, 9:23:55 p. m. [32m    LOG[39m [38;5;3m[RouterExplorer] [39m[32mMapped {/api/v1/diagnostics/order/:orderId, GET} route[39m[38;5;3m +1ms[39m
[32m[Nest] 11980  - [39m02/07/2026, 9:23:55 p. m. [32m    LOG[39m [38;5;3m[RouterExplorer] [39m[32mMapped {/api/v1/diagnostics/:id/approve, PATCH} route[39m[38;5;3m +1ms[39m
[32m[Nest] 11980  - [39m02/07/2026, 9:23:55 p. m. [32m    LOG[39m [38;5;3m[RoutesResolver] [39m[32mPhotographsController {/api/v1/photographs}:[39m[38;5;3m +1ms[39m
[32m[Nest] 11980  - [39m02/07/2026, 9:23:55 p. m. [32m    LOG[39m [38;5;3m[RouterExplorer] [39m[32mMapped {/api/v1/photographs, POST} route[39m[38;5;3m +1ms[39m
[32m[Nest] 11980  - [39m02/07/2026, 9:23:55 p. m. [32m    LOG[39m [38;5;3m[RouterExplorer] [39m[32mMapped {/api/v1/photographs/order/:orderId, GET} route[39m[38;5;3m +1ms[39m
[32m[Nest] 11980  - [39m02/07/2026, 9:23:55 p. m. [32m    LOG[39m [38;5;3m[RouterExplorer] [39m[32mMapped {/api/v1/photographs/:id, DELETE} route[39m[38;5;3m +1ms[39m
[32m[Nest] 11980  - [39m02/07/2026, 9:23:55 p. m. [32m    LOG[39m [38;5;3m[RoutesResolver] [39m[32mSignaturesController {/api/v1/signatures}:[39m[38;5;3m +1ms[39m
[32m[Nest] 11980  - [39m02/07/2026, 9:23:55 p. m. [32m    LOG[39m [38;5;3m[RouterExplorer] [39m[32mMapped {/api/v1/signatures, POST} route[39m[38;5;3m +1ms[39m
[32m[Nest] 11980  - [39m02/07/2026, 9:23:55 p. m. [32m    LOG[39m [38;5;3m[RouterExplorer] [39m[32mMapped {/api/v1/signatures/order/:orderId, GET} route[39m[38;5;3m +2ms[39m
[32m[Nest] 11980  - [39m02/07/2026, 9:23:55 p. m. [32m    LOG[39m [38;5;3m[RouterExplorer] [39m[32mMapped {/api/v1/signatures/:id, DELETE} route[39m[38;5;3m +1ms[39m
[32m[Nest] 11980  - [39m02/07/2026, 9:23:55 p. m. [32m    LOG[39m [38;5;3m[RoutesResolver] [39m[32mPdfController {/api/v1/pdf}:[39m[38;5;3m +0ms[39m
[32m[Nest] 11980  - [39m02/07/2026, 9:23:55 p. m. [32m    LOG[39m [38;5;3m[RouterExplorer] [39m[32mMapped {/api/v1/pdf/generate/:orderId, POST} route[39m[38;5;3m +2ms[39m
[32m[Nest] 11980  - [39m02/07/2026, 9:23:55 p. m. [32m    LOG[39m [38;5;3m[RoutesResolver] [39m[32mQrController {/api/v1/qr}:[39m[38;5;3m +1ms[39m
[32m[Nest] 11980  - [39m02/07/2026, 9:23:55 p. m. [32m    LOG[39m [38;5;3m[RouterExplorer] [39m[32mMapped {/api/v1/qr/:orderNumber, GET} route[39m[38;5;3m +1ms[39m
[32m[Nest] 11980  - [39m02/07/2026, 9:23:55 p. m. [32m    LOG[39m [38;5;3m[RouterExplorer] [39m[32mMapped {/api/v1/qr/order-info/:orderNumber, GET} route[39m[38;5;3m +1ms[39m
[32m[Nest] 11980  - [39m02/07/2026, 9:23:55 p. m. [32m    LOG[39m [38;5;3m[RouterExplorer] [39m[32mMapped {/api/v1/qr/generate/:orderId, GET} route[39m[38;5;3m +1ms[39m
[32m[Nest] 11980  - [39m02/07/2026, 9:23:55 p. m. [32m    LOG[39m [38;5;3m[RoutesResolver] [39m[32mCloudinaryController {/api/v1/cloudinary}:[39m[38;5;3m +1ms[39m
[32m[Nest] 11980  - [39m02/07/2026, 9:23:55 p. m. [32m    LOG[39m [38;5;3m[RouterExplorer] [39m[32mMapped {/api/v1/cloudinary/upload/:folder, POST} route[39m[38;5;3m +1ms[39m
[32m[Nest] 11980  - [39m02/07/2026, 9:23:55 p. m. [32m    LOG[39m [38;5;3m[RouterExplorer] [39m[32mMapped {/api/v1/cloudinary/:publicId, DELETE} route[39m[38;5;3m +1ms[39m
[32m[Nest] 11980  - [39m02/07/2026, 9:23:55 p. m. [32m    LOG[39m [38;5;3m[RoutesResolver] [39m[32mEmailController {/api/v1/email}:[39m[38;5;3m +1ms[39m
[32m[Nest] 11980  - [39m02/07/2026, 9:23:55 p. m. [32m    LOG[39m [38;5;3m[RouterExplorer] [39m[32mMapped {/api/v1/email/order-created, POST} route[39m[38;5;3m +1ms[39m
[32m[Nest] 11980  - [39m02/07/2026, 9:23:55 p. m. [32m    LOG[39m [38;5;3m[RouterExplorer] [39m[32mMapped {/api/v1/email/status-changed, POST} route[39m[38;5;3m +1ms[39m
[32m[Nest] 11980  - [39m02/07/2026, 9:23:55 p. m. [32m    LOG[39m [38;5;3m[RouterExplorer] [39m[32mMapped {/api/v1/email/ready-for-pickup, POST} route[39m[38;5;3m +1ms[39m
[32m[Nest] 11980  - [39m02/07/2026, 9:23:55 p. m. [32m    LOG[39m [38;5;3m[RouterExplorer] [39m[32mMapped {/api/v1/email/send-pdf, POST} route[39m[38;5;3m +1ms[39m
[32m[Nest] 11980  - [39m02/07/2026, 9:23:55 p. m. [32m    LOG[39m [38;5;3m[RoutesResolver] [39m[32mWhatsappController {/api/v1/whatsapp}:[39m[38;5;3m +1ms[39m
[32m[Nest] 11980  - [39m02/07/2026, 9:23:55 p. m. [32m    LOG[39m [38;5;3m[RouterExplorer] [39m[32mMapped {/api/v1/whatsapp/order-confirmation, POST} route[39m[38;5;3m +1ms[39m
[32m[Nest] 11980  - [39m02/07/2026, 9:23:55 p. m. [32m    LOG[39m [38;5;3m[RouterExplorer] [39m[32mMapped {/api/v1/whatsapp/approval-request, POST} route[39m[38;5;3m +1ms[39m
[32m[Nest] 11980  - [39m02/07/2026, 9:23:55 p. m. [32m    LOG[39m [38;5;3m[RouterExplorer] [39m[32mMapped {/api/v1/whatsapp/ready-for-pickup, POST} route[39m[38;5;3m +1ms[39m
[32m[Nest] 11980  - [39m02/07/2026, 9:23:55 p. m. [32m    LOG[39m [38;5;3m[RouterExplorer] [39m[32mMapped {/api/v1/whatsapp/status-update, POST} route[39m[38;5;3m +1ms[39m
[32m[Nest] 11980  - [39m02/07/2026, 9:23:55 p. m. [32m    LOG[39m [38;5;3m[RouterExplorer] [39m[32mMapped {/api/v1/whatsapp/send-pdf, POST} route[39m[38;5;3m +1ms[39m
[32m[Nest] 11980  - [39m02/07/2026, 9:23:55 p. m. [32m    LOG[39m [38;5;3m[RoutesResolver] [39m[32mInventoryController {/api/v1/inventory}:[39m[38;5;3m +1ms[39m
[32m[Nest] 11980  - [39m02/07/2026, 9:23:55 p. m. [32m    LOG[39m [38;5;3m[RouterExplorer] [39m[32mMapped {/api/v1/inventory, POST} route[39m[38;5;3m +1ms[39m
[32m[Nest] 11980  - [39m02/07/2026, 9:23:55 p. m. [32m    LOG[39m [38;5;3m[RouterExplorer] [39m[32mMapped {/api/v1/inventory, GET} route[39m[38;5;3m +1ms[39m
[32m[Nest] 11980  - [39m02/07/2026, 9:23:55 p. m. [32m    LOG[39m [38;5;3m[RouterExplorer] [39m[32mMapped {/api/v1/inventory/low-stock, GET} route[39m[38;5;3m +1ms[39m
[32m[Nest] 11980  - [39m02/07/2026, 9:23:55 p. m. [32m    LOG[39m [38;5;3m[RouterExplorer] [39m[32mMapped {/api/v1/inventory/alerts, GET} route[39m[38;5;3m +1ms[39m
[32m[Nest] 11980  - [39m02/07/2026, 9:23:55 p. m. [32m    LOG[39m [38;5;3m[RouterExplorer] [39m[32mMapped {/api/v1/inventory/:id, GET} route[39m[38;5;3m +2ms[39m
[32m[Nest] 11980  - [39m02/07/2026, 9:23:55 p. m. [32m    LOG[39m [38;5;3m[RouterExplorer] [39m[32mMapped {/api/v1/inventory/:id, PATCH} route[39m[38;5;3m +1ms[39m
[32m[Nest] 11980  - [39m02/07/2026, 9:23:55 p. m. [32m    LOG[39m [38;5;3m[RouterExplorer] [39m[32mMapped {/api/v1/inventory/:id/deactivate, PATCH} route[39m[38;5;3m +1ms[39m
[32m[Nest] 11980  - [39m02/07/2026, 9:23:55 p. m. [32m    LOG[39m [38;5;3m[RouterExplorer] [39m[32mMapped {/api/v1/inventory/movements, POST} route[39m[38;5;3m +1ms[39m
[32m[Nest] 11980  - [39m02/07/2026, 9:23:55 p. m. [32m    LOG[39m [38;5;3m[RouterExplorer] [39m[32mMapped {/api/v1/inventory/movements/:itemId, GET} route[39m[38;5;3m +1ms[39m
[32m[Nest] 11980  - [39m02/07/2026, 9:23:55 p. m. [32m    LOG[39m [38;5;3m[RoutesResolver] [39m[32mReportsController {/api/v1/reports}:[39m[38;5;3m +0ms[39m
[32m[Nest] 11980  - [39m02/07/2026, 9:23:55 p. m. [32m    LOG[39m [38;5;3m[RouterExplorer] [39m[32mMapped {/api/v1/reports/received, GET} route[39m[38;5;3m +2ms[39m
[32m[Nest] 11980  - [39m02/07/2026, 9:23:55 p. m. [32m    LOG[39m [38;5;3m[RouterExplorer] [39m[32mMapped {/api/v1/reports/delivered, GET} route[39m[38;5;3m +1ms[39m
[32m[Nest] 11980  - [39m02/07/2026, 9:23:55 p. m. [32m    LOG[39m [38;5;3m[RouterExplorer] [39m[32mMapped {/api/v1/reports/pending, GET} route[39m[38;5;3m +1ms[39m
[32m[Nest] 11980  - [39m02/07/2026, 9:23:55 p. m. [32m    LOG[39m [38;5;3m[RouterExplorer] [39m[32mMapped {/api/v1/reports/income, GET} route[39m[38;5;3m +1ms[39m
[32m[Nest] 11980  - [39m02/07/2026, 9:23:55 p. m. [32m    LOG[39m [38;5;3m[RouterExplorer] [39m[32mMapped {/api/v1/reports/tech-productivity, GET} route[39m[38;5;3m +1ms[39m
[32m[Nest] 11980  - [39m02/07/2026, 9:23:55 p. m. [32m    LOG[39m [38;5;3m[RouterExplorer] [39m[32mMapped {/api/v1/reports/parts-used, GET} route[39m[38;5;3m +1ms[39m
[32m[Nest] 11980  - [39m02/07/2026, 9:23:55 p. m. [32m    LOG[39m [38;5;3m[RouterExplorer] [39m[32mMapped {/api/v1/reports/frequent-clients, GET} route[39m[38;5;3m +1ms[39m
[32m[Nest] 11980  - [39m02/07/2026, 9:23:55 p. m. [32m    LOG[39m [38;5;3m[RoutesResolver] [39m[32mConfigController {/api/v1/config}:[39m[38;5;3m +1ms[39m
[32m[Nest] 11980  - [39m02/07/2026, 9:23:55 p. m. [32m    LOG[39m [38;5;3m[RouterExplorer] [39m[32mMapped {/api/v1/config, GET} route[39m[38;5;3m +2ms[39m
[32m[Nest] 11980  - [39m02/07/2026, 9:23:55 p. m. [32m    LOG[39m [38;5;3m[RouterExplorer] [39m[32mMapped {/api/v1/config, PATCH} route[39m[38;5;3m +1ms[39m
[32m[Nest] 11980  - [39m02/07/2026, 9:23:55 p. m. [32m    LOG[39m [38;5;3m[RoutesResolver] [39m[32mCatalogController {/api/v1/catalog}:[39m[38;5;3m +0ms[39m
[32m[Nest] 11980  - [39m02/07/2026, 9:23:55 p. m. [32m    LOG[39m [38;5;3m[RouterExplorer] [39m[32mMapped {/api/v1/catalog/device-types, GET} route[39m[38;5;3m +2ms[39m
[32m[Nest] 11980  - [39m02/07/2026, 9:23:55 p. m. [32m    LOG[39m [38;5;3m[RouterExplorer] [39m[32mMapped {/api/v1/catalog/brands, GET} route[39m[38;5;3m +1ms[39m
[32m[Nest] 11980  - [39m02/07/2026, 9:23:55 p. m. [32m    LOG[39m [38;5;3m[RouterExplorer] [39m[32mMapped {/api/v1/catalog/models, GET} route[39m[38;5;3m +1ms[39m
[32m[Nest] 11980  - [39m02/07/2026, 9:23:55 p. m. [32m    LOG[39m [38;5;3m[RouterExplorer] [39m[32mMapped {/api/v1/catalog/service-types, GET} route[39m[38;5;3m +0ms[39m
[32m[Nest] 11980  - [39m02/07/2026, 9:23:55 p. m. [32m    LOG[39m [38;5;3m[RouterExplorer] [39m[32mMapped {/api/v1/catalog/device-types, POST} route[39m[38;5;3m +1ms[39m
[32m[Nest] 11980  - [39m02/07/2026, 9:23:55 p. m. [32m    LOG[39m [38;5;3m[RouterExplorer] [39m[32mMapped {/api/v1/catalog/brands, POST} route[39m[38;5;3m +1ms[39m
[32m[Nest] 11980  - [39m02/07/2026, 9:23:55 p. m. [32m    LOG[39m [38;5;3m[RouterExplorer] [39m[32mMapped {/api/v1/catalog/models, POST} route[39m[38;5;3m +1ms[39m
[32m[Nest] 11980  - [39m02/07/2026, 9:23:55 p. m. [32m    LOG[39m [38;5;3m[RouterExplorer] [39m[32mMapped {/api/v1/catalog/service-types, POST} route[39m[38;5;3m +2ms[39m
[32m[Nest] 11980  - [39m02/07/2026, 9:23:55 p. m. [32m    LOG[39m [38;5;3m[RoutesResolver] [39m[32mUploadController {/api/v1/upload}:[39m[38;5;3m +0ms[39m
[32m[Nest] 11980  - [39m02/07/2026, 9:23:55 p. m. [32m    LOG[39m [38;5;3m[RouterExplorer] [39m[32mMapped {/api/v1/upload/base64, POST} route[39m[38;5;3m +1ms[39m
[32m[Nest] 11980  - [39m02/07/2026, 9:23:55 p. m. [32m    LOG[39m [38;5;3m[RouterExplorer] [39m[32mMapped {/api/v1/upload/file, POST} route[39m[38;5;3m +1ms[39m
prisma:info Starting a mysql pool with 9 connections.
[32m[Nest] 11980  - [39m02/07/2026, 9:23:55 p. m. [32m    LOG[39m [38;5;3m[PrismaService] [39m[32mConnected to database[39m
prisma:query SELECT COUNT(*) FROM (SELECT `servicell_app`.`tipos_dispositivo`.`id` FROM `servicell_app`.`tipos_dispositivo` WHERE 1=1) AS `sub`
[32m[Nest] 11980  - [39m02/07/2026, 9:23:55 p. m. [32m    LOG[39m [38;5;3m[NestApplication] [39m[32mNest application successfully started[39m[38;5;3m +77ms[39m
[32m[Nest] 11980  - [39m02/07/2026, 9:23:55 p. m. [32m    LOG[39m [38;5;3m[Bootstrap] [39m[32mApplication running on port 3000[39m
prisma:query SELECT `servicell_app`.`usuarios`.`id`, `servicell_app`.`usuarios`.`name`, `servicell_app`.`usuarios`.`email`, `servicell_app`.`usuarios`.`password`, `servicell_app`.`usuarios`.`phone`, `servicell_app`.`usuarios`.`role`, `servicell_app`.`usuarios`.`isActive`, `servicell_app`.`usuarios`.`photoUrl`, `servicell_app`.`usuarios`.`refreshToken`, `servicell_app`.`usuarios`.`createdAt`, `servicell_app`.`usuarios`.`updatedAt` FROM `servicell_app`.`usuarios` WHERE (`servicell_app`.`usuarios`.`email` = ? AND 1=1) LIMIT ? OFFSET ?
prisma:query BEGIN
prisma:query SELECT `servicell_app`.`usuarios`.`id` FROM `servicell_app`.`usuarios` WHERE (`servicell_app`.`usuarios`.`id` = ? AND 1=1)
prisma:query UPDATE `servicell_app`.`usuarios` SET `refreshToken` = ?, `updatedAt` = ? WHERE (`servicell_app`.`usuarios`.`id` IN (?) AND (`servicell_app`.`usuarios`.`id` = ? AND 1=1))
prisma:query SELECT `servicell_app`.`usuarios`.`id`, `servicell_app`.`usuarios`.`name`, `servicell_app`.`usuarios`.`email`, `servicell_app`.`usuarios`.`password`, `servicell_app`.`usuarios`.`phone`, `servicell_app`.`usuarios`.`role`, `servicell_app`.`usuarios`.`isActive`, `servicell_app`.`usuarios`.`photoUrl`, `servicell_app`.`usuarios`.`refreshToken`, `servicell_app`.`usuarios`.`createdAt`, `servicell_app`.`usuarios`.`updatedAt` FROM `servicell_app`.`usuarios` WHERE `servicell_app`.`usuarios`.`id` = ? LIMIT ? OFFSET ?
prisma:query COMMIT
prisma:query SELECT 1
prisma:query SELECT `servicell_app`.`usuarios`.`id`, `servicell_app`.`usuarios`.`name`, `servicell_app`.`usuarios`.`email`, `servicell_app`.`usuarios`.`password`, `servicell_app`.`usuarios`.`phone`, `servicell_app`.`usuarios`.`role`, `servicell_app`.`usuarios`.`isActive`, `servicell_app`.`usuarios`.`photoUrl`, `servicell_app`.`usuarios`.`refreshToken`, `servicell_app`.`usuarios`.`createdAt`, `servicell_app`.`usuarios`.`updatedAt` FROM `servicell_app`.`usuarios` WHERE (`servicell_app`.`usuarios`.`email` = ? AND 1=1) LIMIT ? OFFSET ?
prisma:query BEGIN
prisma:query SELECT `servicell_app`.`usuarios`.`id` FROM `servicell_app`.`usuarios` WHERE (`servicell_app`.`usuarios`.`id` = ? AND 1=1)
prisma:query UPDATE `servicell_app`.`usuarios` SET `refreshToken` = ?, `updatedAt` = ? WHERE (`servicell_app`.`usuarios`.`id` IN (?) AND (`servicell_app`.`usuarios`.`id` = ? AND 1=1))
prisma:query SELECT `servicell_app`.`usuarios`.`id`, `servicell_app`.`usuarios`.`name`, `servicell_app`.`usuarios`.`email`, `servicell_app`.`usuarios`.`password`, `servicell_app`.`usuarios`.`phone`, `servicell_app`.`usuarios`.`role`, `servicell_app`.`usuarios`.`isActive`, `servicell_app`.`usuarios`.`photoUrl`, `servicell_app`.`usuarios`.`refreshToken`, `servicell_app`.`usuarios`.`createdAt`, `servicell_app`.`usuarios`.`updatedAt` FROM `servicell_app`.`usuarios` WHERE `servicell_app`.`usuarios`.`id` = ? LIMIT ? OFFSET ?
prisma:query COMMIT
prisma:query SELECT `servicell_app`.`usuarios`.`id`, `servicell_app`.`usuarios`.`name`, `servicell_app`.`usuarios`.`email`, `servicell_app`.`usuarios`.`password`, `servicell_app`.`usuarios`.`phone`, `servicell_app`.`usuarios`.`role`, `servicell_app`.`usuarios`.`isActive`, `servicell_app`.`usuarios`.`photoUrl`, `servicell_app`.`usuarios`.`refreshToken`, `servicell_app`.`usuarios`.`createdAt`, `servicell_app`.`usuarios`.`updatedAt` FROM `servicell_app`.`usuarios` WHERE (`servicell_app`.`usuarios`.`email` = ? AND 1=1) LIMIT ? OFFSET ?
prisma:query BEGIN
prisma:query SELECT `servicell_app`.`usuarios`.`id` FROM `servicell_app`.`usuarios` WHERE (`servicell_app`.`usuarios`.`id` = ? AND 1=1)
prisma:query UPDATE `servicell_app`.`usuarios` SET `refreshToken` = ?, `updatedAt` = ? WHERE (`servicell_app`.`usuarios`.`id` IN (?) AND (`servicell_app`.`usuarios`.`id` = ? AND 1=1))
prisma:query SELECT `servicell_app`.`usuarios`.`id`, `servicell_app`.`usuarios`.`name`, `servicell_app`.`usuarios`.`email`, `servicell_app`.`usuarios`.`password`, `servicell_app`.`usuarios`.`phone`, `servicell_app`.`usuarios`.`role`, `servicell_app`.`usuarios`.`isActive`, `servicell_app`.`usuarios`.`photoUrl`, `servicell_app`.`usuarios`.`refreshToken`, `servicell_app`.`usuarios`.`createdAt`, `servicell_app`.`usuarios`.`updatedAt` FROM `servicell_app`.`usuarios` WHERE `servicell_app`.`usuarios`.`id` = ? LIMIT ? OFFSET ?
prisma:query COMMIT
prisma:query SELECT `servicell_app`.`usuarios`.`id`, `servicell_app`.`usuarios`.`name`, `servicell_app`.`usuarios`.`email`, `servicell_app`.`usuarios`.`role`, `servicell_app`.`usuarios`.`isActive` FROM `servicell_app`.`usuarios` WHERE (`servicell_app`.`usuarios`.`id` = ? AND 1=1) LIMIT ? OFFSET ?
prisma:query SELECT `servicell_app`.`ordenes_servicio`.`id`, `servicell_app`.`ordenes_servicio`.`orderNumber`, `servicell_app`.`ordenes_servicio`.`reportedFault`, `servicell_app`.`ordenes_servicio`.`observations`, `servicell_app`.`ordenes_servicio`.`physicalState`, `servicell_app`.`ordenes_servicio`.`devicePassword`, `servicell_app`.`ordenes_servicio`.`devicePattern`, `servicell_app`.`ordenes_servicio`.`lockCode`, `servicell_app`.`ordenes_servicio`.`lockCodeType`, `servicell_app`.`ordenes_servicio`.`laborCost`, `servicell_app`.`ordenes_servicio`.`clientPhotoUrl`, `servicell_app`.`ordenes_servicio`.`status`, `servicell_app`.`ordenes_servicio`.`estimatedCost`, `servicell_app`.`ordenes_servicio`.`finalCost`, `servicell_app`.`ordenes_servicio`.`estimatedDate`, `servicell_app`.`ordenes_servicio`.`deliveredAt`, `servicell_app`.`ordenes_servicio`.`createdAt`, `servicell_app`.`ordenes_servicio`.`updatedAt`, `servicell_app`.`ordenes_servicio`.`clientId`, `servicell_app`.`ordenes_servicio`.`equipmentId`, `servicell_app`.`ordenes_servicio`.`createdById`, `servicell_app`.`ordenes_servicio`.`assignedToId`, `servicell_app`.`ordenes_servicio`.`deviceTypeId`, `servicell_app`.`ordenes_servicio`.`brandId`, `servicell_app`.`ordenes_servicio`.`modelId`, `servicell_app`.`ordenes_servicio`.`serviceTypeId` FROM `servicell_app`.`ordenes_servicio` WHERE (`servicell_app`.`ordenes_servicio`.`id` = ? AND 1=1) LIMIT ? OFFSET ?
prisma:query SELECT `servicell_app`.`clientes`.`id`, `servicell_app`.`clientes`.`name`, `servicell_app`.`clientes`.`document`, `servicell_app`.`clientes`.`phone`, `servicell_app`.`clientes`.`email`, `servicell_app`.`clientes`.`address`, `servicell_app`.`clientes`.`createdAt`, `servicell_app`.`clientes`.`updatedAt` FROM `servicell_app`.`clientes` WHERE `servicell_app`.`clientes`.`id` IN (?)
prisma:query SELECT `servicell_app`.`equipos`.`id`, `servicell_app`.`equipos`.`brand`, `servicell_app`.`equipos`.`model`, `servicell_app`.`equipos`.`imei`, `servicell_app`.`equipos`.`serial`, `servicell_app`.`equipos`.`color`, `servicell_app`.`equipos`.`operator`, `servicell_app`.`equipos`.`accessories`, `servicell_app`.`equipos`.`createdAt`, `servicell_app`.`equipos`.`updatedAt` FROM `servicell_app`.`equipos` WHERE `servicell_app`.`equipos`.`id` IN (?)
prisma:query SELECT `servicell_app`.`usuarios`.`id`, `servicell_app`.`usuarios`.`name`, `servicell_app`.`usuarios`.`email`, `servicell_app`.`usuarios`.`password`, `servicell_app`.`usuarios`.`phone`, `servicell_app`.`usuarios`.`role`, `servicell_app`.`usuarios`.`isActive`, `servicell_app`.`usuarios`.`photoUrl`, `servicell_app`.`usuarios`.`refreshToken`, `servicell_app`.`usuarios`.`createdAt`, `servicell_app`.`usuarios`.`updatedAt` FROM `servicell_app`.`usuarios` WHERE `servicell_app`.`usuarios`.`id` IN (?)
prisma:query SELECT `servicell_app`.`diagnosticos`.`id`, `servicell_app`.`diagnosticos`.`diagnosis`, `servicell_app`.`diagnosticos`.`neededParts`, `servicell_app`.`diagnosticos`.`estimatedTime`, `servicell_app`.`diagnosticos`.`estimatedCost`, `servicell_app`.`diagnosticos`.`approved`, `servicell_app`.`diagnosticos`.`approvedAt`, `servicell_app`.`diagnosticos`.`createdAt`, `servicell_app`.`diagnosticos`.`orderId`, `servicell_app`.`diagnosticos`.`userId` FROM `servicell_app`.`diagnosticos` WHERE `servicell_app`.`diagnosticos`.`orderId` IN (?)
prisma:query SELECT `servicell_app`.`usuarios`.`id`, `servicell_app`.`usuarios`.`name`, `servicell_app`.`usuarios`.`email`, `servicell_app`.`usuarios`.`password`, `servicell_app`.`usuarios`.`phone`, `servicell_app`.`usuarios`.`role`, `servicell_app`.`usuarios`.`isActive`, `servicell_app`.`usuarios`.`photoUrl`, `servicell_app`.`usuarios`.`refreshToken`, `servicell_app`.`usuarios`.`createdAt`, `servicell_app`.`usuarios`.`updatedAt` FROM `servicell_app`.`usuarios` WHERE `servicell_app`.`usuarios`.`id` IN (?)
prisma:query SELECT `servicell_app`.`fotografias`.`id`, `servicell_app`.`fotografias`.`url`, `servicell_app`.`fotografias`.`type`, `servicell_app`.`fotografias`.`createdAt`, `servicell_app`.`fotografias`.`orderId` FROM `servicell_app`.`fotografias` WHERE `servicell_app`.`fotografias`.`orderId` IN (?)
prisma:query SELECT `servicell_app`.`firmas`.`id`, `servicell_app`.`firmas`.`url`, `servicell_app`.`firmas`.`type`, `servicell_app`.`firmas`.`createdAt`, `servicell_app`.`firmas`.`orderId` FROM `servicell_app`.`firmas` WHERE `servicell_app`.`firmas`.`orderId` IN (?)
prisma:query SELECT `servicell_app`.`orden_estados`.`id`, `servicell_app`.`orden_estados`.`fromStatus`, `servicell_app`.`orden_estados`.`toStatus`, `servicell_app`.`orden_estados`.`reason`, `servicell_app`.`orden_estados`.`createdAt`, `servicell_app`.`orden_estados`.`orderId`, `servicell_app`.`orden_estados`.`userId` FROM `servicell_app`.`orden_estados` WHERE `servicell_app`.`orden_estados`.`orderId` IN (?) ORDER BY `servicell_app`.`orden_estados`.`createdAt` ASC
prisma:query SELECT `servicell_app`.`usuarios`.`id`, `servicell_app`.`usuarios`.`name`, `servicell_app`.`usuarios`.`email`, `servicell_app`.`usuarios`.`password`, `servicell_app`.`usuarios`.`phone`, `servicell_app`.`usuarios`.`role`, `servicell_app`.`usuarios`.`isActive`, `servicell_app`.`usuarios`.`photoUrl`, `servicell_app`.`usuarios`.`refreshToken`, `servicell_app`.`usuarios`.`createdAt`, `servicell_app`.`usuarios`.`updatedAt` FROM `servicell_app`.`usuarios` WHERE `servicell_app`.`usuarios`.`id` IN (?)
prisma:query SELECT `servicell_app`.`checklist_orden`.`id`, `servicell_app`.`checklist_orden`.`componentName`, `servicell_app`.`checklist_orden`.`checked`, `servicell_app`.`checklist_orden`.`notTestable`, `servicell_app`.`checklist_orden`.`createdAt`, `servicell_app`.`checklist_orden`.`orderId` FROM `servicell_app`.`checklist_orden` WHERE `servicell_app`.`checklist_orden`.`orderId` IN (?)
prisma:query SELECT `servicell_app`.`piezas_orden`.`id`, `servicell_app`.`piezas_orden`.`partName`, `servicell_app`.`piezas_orden`.`cost`, `servicell_app`.`piezas_orden`.`createdAt`, `servicell_app`.`piezas_orden`.`orderId` FROM `servicell_app`.`piezas_orden` WHERE `servicell_app`.`piezas_orden`.`orderId` IN (?)
prisma:query SELECT `servicell_app`.`notas_reparacion`.`id`, `servicell_app`.`notas_reparacion`.`content`, `servicell_app`.`notas_reparacion`.`step`, `servicell_app`.`notas_reparacion`.`createdAt`, `servicell_app`.`notas_reparacion`.`orderId`, `servicell_app`.`notas_reparacion`.`userId` FROM `servicell_app`.`notas_reparacion` WHERE `servicell_app`.`notas_reparacion`.`orderId` IN (?) ORDER BY `servicell_app`.`notas_reparacion`.`createdAt` DESC LIMIT ? OFFSET ?
prisma:query SELECT `servicell_app`.`usuarios`.`id`, `servicell_app`.`usuarios`.`name`, `servicell_app`.`usuarios`.`email`, `servicell_app`.`usuarios`.`password`, `servicell_app`.`usuarios`.`phone`, `servicell_app`.`usuarios`.`role`, `servicell_app`.`usuarios`.`isActive`, `servicell_app`.`usuarios`.`photoUrl`, `servicell_app`.`usuarios`.`refreshToken`, `servicell_app`.`usuarios`.`createdAt`, `servicell_app`.`usuarios`.`updatedAt` FROM `servicell_app`.`usuarios` WHERE `servicell_app`.`usuarios`.`id` IN (?)
prisma:query SELECT `servicell_app`.`configuracion_empresa`.`id`, `servicell_app`.`configuracion_empresa`.`companyName`, `servicell_app`.`configuracion_empresa`.`address`, `servicell_app`.`configuracion_empresa`.`phone`, `servicell_app`.`configuracion_empresa`.`email`, `servicell_app`.`configuracion_empresa`.`logoUrl`, `servicell_app`.`configuracion_empresa`.`terms`, `servicell_app`.`configuracion_empresa`.`primaryColor`, `servicell_app`.`configuracion_empresa`.`smtpHost`, `servicell_app`.`configuracion_empresa`.`smtpPort`, `servicell_app`.`configuracion_empresa`.`smtpUser`, `servicell_app`.`configuracion_empresa`.`smtpPass`, `servicell_app`.`configuracion_empresa`.`whatsappToken`, `servicell_app`.`configuracion_empresa`.`whatsappPhoneId`, `servicell_app`.`configuracion_empresa`.`updatedAt` FROM `servicell_app`.`configuracion_empresa` WHERE 1=1 LIMIT ? OFFSET ?
prisma:query SELECT 1
prisma:query BEGIN
prisma:query INSERT INTO `servicell_app`.`pdfs` (`id`,`url`,`type`,`createdAt`,`orderId`) VALUES (?,?,?,?,?)
prisma:query SELECT `servicell_app`.`pdfs`.`id`, `servicell_app`.`pdfs`.`url`, `servicell_app`.`pdfs`.`type`, `servicell_app`.`pdfs`.`createdAt`, `servicell_app`.`pdfs`.`orderId` FROM `servicell_app`.`pdfs` WHERE `servicell_app`.`pdfs`.`id` = ? LIMIT ? OFFSET ?
prisma:query COMMIT
prisma:query SELECT `servicell_app`.`usuarios`.`id`, `servicell_app`.`usuarios`.`name`, `servicell_app`.`usuarios`.`email`, `servicell_app`.`usuarios`.`role`, `servicell_app`.`usuarios`.`isActive` FROM `servicell_app`.`usuarios` WHERE (`servicell_app`.`usuarios`.`id` = ? AND 1=1) LIMIT ? OFFSET ?
prisma:query SELECT `servicell_app`.`ordenes_servicio`.`id`, `servicell_app`.`ordenes_servicio`.`orderNumber`, `servicell_app`.`ordenes_servicio`.`reportedFault`, `servicell_app`.`ordenes_servicio`.`observations`, `servicell_app`.`ordenes_servicio`.`physicalState`, `servicell_app`.`ordenes_servicio`.`devicePassword`, `servicell_app`.`ordenes_servicio`.`devicePattern`, `servicell_app`.`ordenes_servicio`.`lockCode`, `servicell_app`.`ordenes_servicio`.`lockCodeType`, `servicell_app`.`ordenes_servicio`.`laborCost`, `servicell_app`.`ordenes_servicio`.`clientPhotoUrl`, `servicell_app`.`ordenes_servicio`.`status`, `servicell_app`.`ordenes_servicio`.`estimatedCost`, `servicell_app`.`ordenes_servicio`.`finalCost`, `servicell_app`.`ordenes_servicio`.`estimatedDate`, `servicell_app`.`ordenes_servicio`.`deliveredAt`, `servicell_app`.`ordenes_servicio`.`createdAt`, `servicell_app`.`ordenes_servicio`.`updatedAt`, `servicell_app`.`ordenes_servicio`.`clientId`, `servicell_app`.`ordenes_servicio`.`equipmentId`, `servicell_app`.`ordenes_servicio`.`createdById`, `servicell_app`.`ordenes_servicio`.`assignedToId`, `servicell_app`.`ordenes_servicio`.`deviceTypeId`, `servicell_app`.`ordenes_servicio`.`brandId`, `servicell_app`.`ordenes_servicio`.`modelId`, `servicell_app`.`ordenes_servicio`.`serviceTypeId` FROM `servicell_app`.`ordenes_servicio` WHERE (`servicell_app`.`ordenes_servicio`.`id` = ? AND 1=1) LIMIT ? OFFSET ?
prisma:query SELECT `servicell_app`.`clientes`.`id`, `servicell_app`.`clientes`.`name`, `servicell_app`.`clientes`.`document`, `servicell_app`.`clientes`.`phone`, `servicell_app`.`clientes`.`email`, `servicell_app`.`clientes`.`address`, `servicell_app`.`clientes`.`createdAt`, `servicell_app`.`clientes`.`updatedAt` FROM `servicell_app`.`clientes` WHERE `servicell_app`.`clientes`.`id` IN (?)
prisma:query SELECT `servicell_app`.`equipos`.`id`, `servicell_app`.`equipos`.`brand`, `servicell_app`.`equipos`.`model`, `servicell_app`.`equipos`.`imei`, `servicell_app`.`equipos`.`serial`, `servicell_app`.`equipos`.`color`, `servicell_app`.`equipos`.`operator`, `servicell_app`.`equipos`.`accessories`, `servicell_app`.`equipos`.`createdAt`, `servicell_app`.`equipos`.`updatedAt` FROM `servicell_app`.`equipos` WHERE `servicell_app`.`equipos`.`id` IN (?)
prisma:query SELECT `servicell_app`.`usuarios`.`id`, `servicell_app`.`usuarios`.`name`, `servicell_app`.`usuarios`.`email`, `servicell_app`.`usuarios`.`password`, `servicell_app`.`usuarios`.`phone`, `servicell_app`.`usuarios`.`role`, `servicell_app`.`usuarios`.`isActive`, `servicell_app`.`usuarios`.`photoUrl`, `servicell_app`.`usuarios`.`refreshToken`, `servicell_app`.`usuarios`.`createdAt`, `servicell_app`.`usuarios`.`updatedAt` FROM `servicell_app`.`usuarios` WHERE `servicell_app`.`usuarios`.`id` IN (?)
prisma:query SELECT `servicell_app`.`diagnosticos`.`id`, `servicell_app`.`diagnosticos`.`diagnosis`, `servicell_app`.`diagnosticos`.`neededParts`, `servicell_app`.`diagnosticos`.`estimatedTime`, `servicell_app`.`diagnosticos`.`estimatedCost`, `servicell_app`.`diagnosticos`.`approved`, `servicell_app`.`diagnosticos`.`approvedAt`, `servicell_app`.`diagnosticos`.`createdAt`, `servicell_app`.`diagnosticos`.`orderId`, `servicell_app`.`diagnosticos`.`userId` FROM `servicell_app`.`diagnosticos` WHERE `servicell_app`.`diagnosticos`.`orderId` IN (?)
prisma:query SELECT `servicell_app`.`usuarios`.`id`, `servicell_app`.`usuarios`.`name`, `servicell_app`.`usuarios`.`email`, `servicell_app`.`usuarios`.`password`, `servicell_app`.`usuarios`.`phone`, `servicell_app`.`usuarios`.`role`, `servicell_app`.`usuarios`.`isActive`, `servicell_app`.`usuarios`.`photoUrl`, `servicell_app`.`usuarios`.`refreshToken`, `servicell_app`.`usuarios`.`createdAt`, `servicell_app`.`usuarios`.`updatedAt` FROM `servicell_app`.`usuarios` WHERE `servicell_app`.`usuarios`.`id` IN (?)
prisma:query SELECT `servicell_app`.`fotografias`.`id`, `servicell_app`.`fotografias`.`url`, `servicell_app`.`fotografias`.`type`, `servicell_app`.`fotografias`.`createdAt`, `servicell_app`.`fotografias`.`orderId` FROM `servicell_app`.`fotografias` WHERE `servicell_app`.`fotografias`.`orderId` IN (?)
prisma:query SELECT `servicell_app`.`firmas`.`id`, `servicell_app`.`firmas`.`url`, `servicell_app`.`firmas`.`type`, `servicell_app`.`firmas`.`createdAt`, `servicell_app`.`firmas`.`orderId` FROM `servicell_app`.`firmas` WHERE `servicell_app`.`firmas`.`orderId` IN (?)
prisma:query SELECT `servicell_app`.`orden_estados`.`id`, `servicell_app`.`orden_estados`.`fromStatus`, `servicell_app`.`orden_estados`.`toStatus`, `servicell_app`.`orden_estados`.`reason`, `servicell_app`.`orden_estados`.`createdAt`, `servicell_app`.`orden_estados`.`orderId`, `servicell_app`.`orden_estados`.`userId` FROM `servicell_app`.`orden_estados` WHERE `servicell_app`.`orden_estados`.`orderId` IN (?) ORDER BY `servicell_app`.`orden_estados`.`createdAt` ASC
prisma:query SELECT `servicell_app`.`usuarios`.`id`, `servicell_app`.`usuarios`.`name`, `servicell_app`.`usuarios`.`email`, `servicell_app`.`usuarios`.`password`, `servicell_app`.`usuarios`.`phone`, `servicell_app`.`usuarios`.`role`, `servicell_app`.`usuarios`.`isActive`, `servicell_app`.`usuarios`.`photoUrl`, `servicell_app`.`usuarios`.`refreshToken`, `servicell_app`.`usuarios`.`createdAt`, `servicell_app`.`usuarios`.`updatedAt` FROM `servicell_app`.`usuarios` WHERE `servicell_app`.`usuarios`.`id` IN (?)
prisma:query SELECT `servicell_app`.`checklist_orden`.`id`, `servicell_app`.`checklist_orden`.`componentName`, `servicell_app`.`checklist_orden`.`checked`, `servicell_app`.`checklist_orden`.`notTestable`, `servicell_app`.`checklist_orden`.`createdAt`, `servicell_app`.`checklist_orden`.`orderId` FROM `servicell_app`.`checklist_orden` WHERE `servicell_app`.`checklist_orden`.`orderId` IN (?)
prisma:query SELECT `servicell_app`.`piezas_orden`.`id`, `servicell_app`.`piezas_orden`.`partName`, `servicell_app`.`piezas_orden`.`cost`, `servicell_app`.`piezas_orden`.`createdAt`, `servicell_app`.`piezas_orden`.`orderId` FROM `servicell_app`.`piezas_orden` WHERE `servicell_app`.`piezas_orden`.`orderId` IN (?)
prisma:query SELECT `servicell_app`.`notas_reparacion`.`id`, `servicell_app`.`notas_reparacion`.`content`, `servicell_app`.`notas_reparacion`.`step`, `servicell_app`.`notas_reparacion`.`createdAt`, `servicell_app`.`notas_reparacion`.`orderId`, `servicell_app`.`notas_reparacion`.`userId` FROM `servicell_app`.`notas_reparacion` WHERE `servicell_app`.`notas_reparacion`.`orderId` IN (?) ORDER BY `servicell_app`.`notas_reparacion`.`createdAt` DESC LIMIT ? OFFSET ?
prisma:query SELECT `servicell_app`.`usuarios`.`id`, `servicell_app`.`usuarios`.`name`, `servicell_app`.`usuarios`.`email`, `servicell_app`.`usuarios`.`password`, `servicell_app`.`usuarios`.`phone`, `servicell_app`.`usuarios`.`role`, `servicell_app`.`usuarios`.`isActive`, `servicell_app`.`usuarios`.`photoUrl`, `servicell_app`.`usuarios`.`refreshToken`, `servicell_app`.`usuarios`.`createdAt`, `servicell_app`.`usuarios`.`updatedAt` FROM `servicell_app`.`usuarios` WHERE `servicell_app`.`usuarios`.`id` IN (?)
prisma:query SELECT `servicell_app`.`configuracion_empresa`.`id`, `servicell_app`.`configuracion_empresa`.`companyName`, `servicell_app`.`configuracion_empresa`.`address`, `servicell_app`.`configuracion_empresa`.`phone`, `servicell_app`.`configuracion_empresa`.`email`, `servicell_app`.`configuracion_empresa`.`logoUrl`, `servicell_app`.`configuracion_empresa`.`terms`, `servicell_app`.`configuracion_empresa`.`primaryColor`, `servicell_app`.`configuracion_empresa`.`smtpHost`, `servicell_app`.`configuracion_empresa`.`smtpPort`, `servicell_app`.`configuracion_empresa`.`smtpUser`, `servicell_app`.`configuracion_empresa`.`smtpPass`, `servicell_app`.`configuracion_empresa`.`whatsappToken`, `servicell_app`.`configuracion_empresa`.`whatsappPhoneId`, `servicell_app`.`configuracion_empresa`.`updatedAt` FROM `servicell_app`.`configuracion_empresa` WHERE 1=1 LIMIT ? OFFSET ?
prisma:query BEGIN
prisma:query INSERT INTO `servicell_app`.`pdfs` (`id`,`url`,`type`,`createdAt`,`orderId`) VALUES (?,?,?,?,?)
prisma:query SELECT `servicell_app`.`pdfs`.`id`, `servicell_app`.`pdfs`.`url`, `servicell_app`.`pdfs`.`type`, `servicell_app`.`pdfs`.`createdAt`, `servicell_app`.`pdfs`.`orderId` FROM `servicell_app`.`pdfs` WHERE `servicell_app`.`pdfs`.`id` = ? LIMIT ? OFFSET ?
prisma:query COMMIT
prisma:query SELECT 1
prisma:query SELECT `servicell_app`.`usuarios`.`id`, `servicell_app`.`usuarios`.`name`, `servicell_app`.`usuarios`.`email`, `servicell_app`.`usuarios`.`password`, `servicell_app`.`usuarios`.`phone`, `servicell_app`.`usuarios`.`role`, `servicell_app`.`usuarios`.`isActive`, `servicell_app`.`usuarios`.`photoUrl`, `servicell_app`.`usuarios`.`refreshToken`, `servicell_app`.`usuarios`.`createdAt`, `servicell_app`.`usuarios`.`updatedAt` FROM `servicell_app`.`usuarios` WHERE (`servicell_app`.`usuarios`.`email` = ? AND 1=1) LIMIT ? OFFSET ?
prisma:query BEGIN
prisma:query SELECT `servicell_app`.`usuarios`.`id` FROM `servicell_app`.`usuarios` WHERE (`servicell_app`.`usuarios`.`id` = ? AND 1=1)
prisma:query UPDATE `servicell_app`.`usuarios` SET `refreshToken` = ?, `updatedAt` = ? WHERE (`servicell_app`.`usuarios`.`id` IN (?) AND (`servicell_app`.`usuarios`.`id` = ? AND 1=1))
prisma:query SELECT `servicell_app`.`usuarios`.`id`, `servicell_app`.`usuarios`.`name`, `servicell_app`.`usuarios`.`email`, `servicell_app`.`usuarios`.`password`, `servicell_app`.`usuarios`.`phone`, `servicell_app`.`usuarios`.`role`, `servicell_app`.`usuarios`.`isActive`, `servicell_app`.`usuarios`.`photoUrl`, `servicell_app`.`usuarios`.`refreshToken`, `servicell_app`.`usuarios`.`createdAt`, `servicell_app`.`usuarios`.`updatedAt` FROM `servicell_app`.`usuarios` WHERE `servicell_app`.`usuarios`.`id` = ? LIMIT ? OFFSET ?
prisma:query COMMIT
prisma:query SELECT `servicell_app`.`usuarios`.`id`, `servicell_app`.`usuarios`.`name`, `servicell_app`.`usuarios`.`email`, `servicell_app`.`usuarios`.`role`, `servicell_app`.`usuarios`.`isActive` FROM `servicell_app`.`usuarios` WHERE (`servicell_app`.`usuarios`.`id` = ? AND 1=1) LIMIT ? OFFSET ?
prisma:query SELECT `servicell_app`.`ordenes_servicio`.`id`, `servicell_app`.`ordenes_servicio`.`orderNumber`, `servicell_app`.`ordenes_servicio`.`reportedFault`, `servicell_app`.`ordenes_servicio`.`observations`, `servicell_app`.`ordenes_servicio`.`physicalState`, `servicell_app`.`ordenes_servicio`.`devicePassword`, `servicell_app`.`ordenes_servicio`.`devicePattern`, `servicell_app`.`ordenes_servicio`.`lockCode`, `servicell_app`.`ordenes_servicio`.`lockCodeType`, `servicell_app`.`ordenes_servicio`.`laborCost`, `servicell_app`.`ordenes_servicio`.`clientPhotoUrl`, `servicell_app`.`ordenes_servicio`.`status`, `servicell_app`.`ordenes_servicio`.`estimatedCost`, `servicell_app`.`ordenes_servicio`.`finalCost`, `servicell_app`.`ordenes_servicio`.`estimatedDate`, `servicell_app`.`ordenes_servicio`.`deliveredAt`, `servicell_app`.`ordenes_servicio`.`createdAt`, `servicell_app`.`ordenes_servicio`.`updatedAt`, `servicell_app`.`ordenes_servicio`.`clientId`, `servicell_app`.`ordenes_servicio`.`equipmentId`, `servicell_app`.`ordenes_servicio`.`createdById`, `servicell_app`.`ordenes_servicio`.`assignedToId`, `servicell_app`.`ordenes_servicio`.`deviceTypeId`, `servicell_app`.`ordenes_servicio`.`brandId`, `servicell_app`.`ordenes_servicio`.`modelId`, `servicell_app`.`ordenes_servicio`.`serviceTypeId` FROM `servicell_app`.`ordenes_servicio` WHERE (`servicell_app`.`ordenes_servicio`.`id` = ? AND 1=1) LIMIT ? OFFSET ?
prisma:query SELECT `servicell_app`.`usuarios`.`id`, `servicell_app`.`usuarios`.`name`, `servicell_app`.`usuarios`.`email`, `servicell_app`.`usuarios`.`password`, `servicell_app`.`usuarios`.`phone`, `servicell_app`.`usuarios`.`role`, `servicell_app`.`usuarios`.`isActive`, `servicell_app`.`usuarios`.`photoUrl`, `servicell_app`.`usuarios`.`refreshToken`, `servicell_app`.`usuarios`.`createdAt`, `servicell_app`.`usuarios`.`updatedAt` FROM `servicell_app`.`usuarios` WHERE (`servicell_app`.`usuarios`.`email` = ? AND 1=1) LIMIT ? OFFSET ?
prisma:query BEGIN
prisma:query SELECT `servicell_app`.`usuarios`.`id` FROM `servicell_app`.`usuarios` WHERE (`servicell_app`.`usuarios`.`id` = ? AND 1=1)
prisma:query UPDATE `servicell_app`.`usuarios` SET `refreshToken` = ?, `updatedAt` = ? WHERE (`servicell_app`.`usuarios`.`id` IN (?) AND (`servicell_app`.`usuarios`.`id` = ? AND 1=1))
prisma:query SELECT `servicell_app`.`usuarios`.`id`, `servicell_app`.`usuarios`.`name`, `servicell_app`.`usuarios`.`email`, `servicell_app`.`usuarios`.`password`, `servicell_app`.`usuarios`.`phone`, `servicell_app`.`usuarios`.`role`, `servicell_app`.`usuarios`.`isActive`, `servicell_app`.`usuarios`.`photoUrl`, `servicell_app`.`usuarios`.`refreshToken`, `servicell_app`.`usuarios`.`createdAt`, `servicell_app`.`usuarios`.`updatedAt` FROM `servicell_app`.`usuarios` WHERE `servicell_app`.`usuarios`.`id` = ? LIMIT ? OFFSET ?
prisma:query COMMIT
prisma:query SELECT `servicell_app`.`usuarios`.`id`, `servicell_app`.`usuarios`.`name`, `servicell_app`.`usuarios`.`email`, `servicell_app`.`usuarios`.`role`, `servicell_app`.`usuarios`.`isActive` FROM `servicell_app`.`usuarios` WHERE (`servicell_app`.`usuarios`.`id` = ? AND 1=1) LIMIT ? OFFSET ?
prisma:query SELECT `servicell_app`.`ordenes_servicio`.`id`, `servicell_app`.`ordenes_servicio`.`orderNumber`, `servicell_app`.`ordenes_servicio`.`reportedFault`, `servicell_app`.`ordenes_servicio`.`observations`, `servicell_app`.`ordenes_servicio`.`physicalState`, `servicell_app`.`ordenes_servicio`.`devicePassword`, `servicell_app`.`ordenes_servicio`.`devicePattern`, `servicell_app`.`ordenes_servicio`.`lockCode`, `servicell_app`.`ordenes_servicio`.`lockCodeType`, `servicell_app`.`ordenes_servicio`.`laborCost`, `servicell_app`.`ordenes_servicio`.`clientPhotoUrl`, `servicell_app`.`ordenes_servicio`.`status`, `servicell_app`.`ordenes_servicio`.`estimatedCost`, `servicell_app`.`ordenes_servicio`.`finalCost`, `servicell_app`.`ordenes_servicio`.`estimatedDate`, `servicell_app`.`ordenes_servicio`.`deliveredAt`, `servicell_app`.`ordenes_servicio`.`createdAt`, `servicell_app`.`ordenes_servicio`.`updatedAt`, `servicell_app`.`ordenes_servicio`.`clientId`, `servicell_app`.`ordenes_servicio`.`equipmentId`, `servicell_app`.`ordenes_servicio`.`createdById`, `servicell_app`.`ordenes_servicio`.`assignedToId`, `servicell_app`.`ordenes_servicio`.`deviceTypeId`, `servicell_app`.`ordenes_servicio`.`brandId`, `servicell_app`.`ordenes_servicio`.`modelId`, `servicell_app`.`ordenes_servicio`.`serviceTypeId` FROM `servicell_app`.`ordenes_servicio` WHERE 1=1 ORDER BY `servicell_app`.`ordenes_servicio`.`createdAt` DESC
prisma:query SELECT `servicell_app`.`clientes`.`id`, `servicell_app`.`clientes`.`name`, `servicell_app`.`clientes`.`document`, `servicell_app`.`clientes`.`phone`, `servicell_app`.`clientes`.`email`, `servicell_app`.`clientes`.`address`, `servicell_app`.`clientes`.`createdAt`, `servicell_app`.`clientes`.`updatedAt` FROM `servicell_app`.`clientes` WHERE `servicell_app`.`clientes`.`id` IN (?,?,?,?,?,?,?)
prisma:query SELECT `servicell_app`.`equipos`.`id`, `servicell_app`.`equipos`.`brand`, `servicell_app`.`equipos`.`model`, `servicell_app`.`equipos`.`imei`, `servicell_app`.`equipos`.`serial`, `servicell_app`.`equipos`.`color`, `servicell_app`.`equipos`.`operator`, `servicell_app`.`equipos`.`accessories`, `servicell_app`.`equipos`.`createdAt`, `servicell_app`.`equipos`.`updatedAt` FROM `servicell_app`.`equipos` WHERE `servicell_app`.`equipos`.`id` IN (?,?,?,?,?,?,?)
prisma:query SELECT `servicell_app`.`usuarios`.`id`, `servicell_app`.`usuarios`.`name`, `servicell_app`.`usuarios`.`email`, `servicell_app`.`usuarios`.`password`, `servicell_app`.`usuarios`.`phone`, `servicell_app`.`usuarios`.`role`, `servicell_app`.`usuarios`.`isActive`, `servicell_app`.`usuarios`.`photoUrl`, `servicell_app`.`usuarios`.`refreshToken`, `servicell_app`.`usuarios`.`createdAt`, `servicell_app`.`usuarios`.`updatedAt` FROM `servicell_app`.`usuarios` WHERE `servicell_app`.`usuarios`.`id` IN (?)
prisma:query SELECT `servicell_app`.`usuarios`.`id`, `servicell_app`.`usuarios`.`name`, `servicell_app`.`usuarios`.`email`, `servicell_app`.`usuarios`.`password`, `servicell_app`.`usuarios`.`phone`, `servicell_app`.`usuarios`.`role`, `servicell_app`.`usuarios`.`isActive`, `servicell_app`.`usuarios`.`photoUrl`, `servicell_app`.`usuarios`.`refreshToken`, `servicell_app`.`usuarios`.`createdAt`, `servicell_app`.`usuarios`.`updatedAt` FROM `servicell_app`.`usuarios` WHERE (`servicell_app`.`usuarios`.`email` = ? AND 1=1) LIMIT ? OFFSET ?
prisma:query BEGIN
prisma:query SELECT `servicell_app`.`usuarios`.`id` FROM `servicell_app`.`usuarios` WHERE (`servicell_app`.`usuarios`.`id` = ? AND 1=1)
prisma:query UPDATE `servicell_app`.`usuarios` SET `refreshToken` = ?, `updatedAt` = ? WHERE (`servicell_app`.`usuarios`.`id` IN (?) AND (`servicell_app`.`usuarios`.`id` = ? AND 1=1))
prisma:query SELECT `servicell_app`.`usuarios`.`id`, `servicell_app`.`usuarios`.`name`, `servicell_app`.`usuarios`.`email`, `servicell_app`.`usuarios`.`password`, `servicell_app`.`usuarios`.`phone`, `servicell_app`.`usuarios`.`role`, `servicell_app`.`usuarios`.`isActive`, `servicell_app`.`usuarios`.`photoUrl`, `servicell_app`.`usuarios`.`refreshToken`, `servicell_app`.`usuarios`.`createdAt`, `servicell_app`.`usuarios`.`updatedAt` FROM `servicell_app`.`usuarios` WHERE `servicell_app`.`usuarios`.`id` = ? LIMIT ? OFFSET ?
prisma:query COMMIT
prisma:query SELECT 1
prisma:query SELECT `servicell_app`.`usuarios`.`id`, `servicell_app`.`usuarios`.`name`, `servicell_app`.`usuarios`.`email`, `servicell_app`.`usuarios`.`role`, `servicell_app`.`usuarios`.`isActive` FROM `servicell_app`.`usuarios` WHERE (`servicell_app`.`usuarios`.`id` = ? AND 1=1) LIMIT ? OFFSET ?
prisma:query SELECT `servicell_app`.`ordenes_servicio`.`id`, `servicell_app`.`ordenes_servicio`.`orderNumber`, `servicell_app`.`ordenes_servicio`.`reportedFault`, `servicell_app`.`ordenes_servicio`.`observations`, `servicell_app`.`ordenes_servicio`.`physicalState`, `servicell_app`.`ordenes_servicio`.`devicePassword`, `servicell_app`.`ordenes_servicio`.`devicePattern`, `servicell_app`.`ordenes_servicio`.`lockCode`, `servicell_app`.`ordenes_servicio`.`lockCodeType`, `servicell_app`.`ordenes_servicio`.`laborCost`, `servicell_app`.`ordenes_servicio`.`clientPhotoUrl`, `servicell_app`.`ordenes_servicio`.`status`, `servicell_app`.`ordenes_servicio`.`estimatedCost`, `servicell_app`.`ordenes_servicio`.`finalCost`, `servicell_app`.`ordenes_servicio`.`estimatedDate`, `servicell_app`.`ordenes_servicio`.`deliveredAt`, `servicell_app`.`ordenes_servicio`.`createdAt`, `servicell_app`.`ordenes_servicio`.`updatedAt`, `servicell_app`.`ordenes_servicio`.`clientId`, `servicell_app`.`ordenes_servicio`.`equipmentId`, `servicell_app`.`ordenes_servicio`.`createdById`, `servicell_app`.`ordenes_servicio`.`assignedToId`, `servicell_app`.`ordenes_servicio`.`deviceTypeId`, `servicell_app`.`ordenes_servicio`.`brandId`, `servicell_app`.`ordenes_servicio`.`modelId`, `servicell_app`.`ordenes_servicio`.`serviceTypeId` FROM `servicell_app`.`ordenes_servicio` WHERE 1=1 ORDER BY `servicell_app`.`ordenes_servicio`.`createdAt` DESC
prisma:query SELECT `servicell_app`.`clientes`.`id`, `servicell_app`.`clientes`.`name`, `servicell_app`.`clientes`.`document`, `servicell_app`.`clientes`.`phone`, `servicell_app`.`clientes`.`email`, `servicell_app`.`clientes`.`address`, `servicell_app`.`clientes`.`createdAt`, `servicell_app`.`clientes`.`updatedAt` FROM `servicell_app`.`clientes` WHERE `servicell_app`.`clientes`.`id` IN (?,?,?,?,?,?,?)
prisma:query SELECT `servicell_app`.`equipos`.`id`, `servicell_app`.`equipos`.`brand`, `servicell_app`.`equipos`.`model`, `servicell_app`.`equipos`.`imei`, `servicell_app`.`equipos`.`serial`, `servicell_app`.`equipos`.`color`, `servicell_app`.`equipos`.`operator`, `servicell_app`.`equipos`.`accessories`, `servicell_app`.`equipos`.`createdAt`, `servicell_app`.`equipos`.`updatedAt` FROM `servicell_app`.`equipos` WHERE `servicell_app`.`equipos`.`id` IN (?,?,?,?,?,?,?)
prisma:query SELECT `servicell_app`.`usuarios`.`id`, `servicell_app`.`usuarios`.`name`, `servicell_app`.`usuarios`.`email`, `servicell_app`.`usuarios`.`password`, `servicell_app`.`usuarios`.`phone`, `servicell_app`.`usuarios`.`role`, `servicell_app`.`usuarios`.`isActive`, `servicell_app`.`usuarios`.`photoUrl`, `servicell_app`.`usuarios`.`refreshToken`, `servicell_app`.`usuarios`.`createdAt`, `servicell_app`.`usuarios`.`updatedAt` FROM `servicell_app`.`usuarios` WHERE `servicell_app`.`usuarios`.`id` IN (?)
